[debug] [2025-01-11T18:37:35.090Z] ----------------------------------------------------------------------
[debug] [2025-01-11T18:37:35.093Z] Command:       C:\Program Files\nodejs\node.exe C:\Program Files\nodejs\node_modules\firebase-tools\lib\bin\firebase.js init
[debug] [2025-01-11T18:37:35.093Z] CLI Version:   13.29.1
[debug] [2025-01-11T18:37:35.093Z] Platform:      win32
[debug] [2025-01-11T18:37:35.094Z] Node Version:  v23.4.0
[debug] [2025-01-11T18:37:35.094Z] Time:          Sun Jan 12 2025 00:07:35 GMT+0530 (India Standard Time)
[debug] [2025-01-11T18:37:35.094Z] ----------------------------------------------------------------------
[debug] 
[debug] [2025-01-11T18:37:35.097Z] >>> [apiv2][query] GET https://firebase-public.firebaseio.com/cli.json [none]
[debug] [2025-01-11T18:37:35.152Z] > command requires scopes: ["email","openid","https://www.googleapis.com/auth/cloudplatformprojects.readonly","https://www.googleapis.com/auth/firebase","https://www.googleapis.com/auth/cloud-platform"]
[debug] [2025-01-11T18:37:35.153Z] > authorizing via signed-in user (prashantdhavale01@gmail.com)
[info] 
     ######## #### ########  ######## ########     ###     ######  ########
     ##        ##  ##     ## ##       ##     ##  ##   ##  ##       ##
     ######    ##  ########  ######   ########  #########  ######  ######
     ##        ##  ##    ##  ##       ##     ## ##     ##       ## ##
     ##       #### ##     ## ######## ########  ##     ##  ######  ########

You're about to initialize a Firebase project in this directory:

  D:\MyPortFolio\prashant-dhavale

[debug] [2025-01-11T18:37:35.786Z] <<< [apiv2][status] GET https://firebase-public.firebaseio.com/cli.json 200
[debug] [2025-01-11T18:37:35.786Z] <<< [apiv2][body] GET https://firebase-public.firebaseio.com/cli.json {"cloudBuildErrorAfter":1594252800000,"cloudBuildWarnAfter":1590019200000,"defaultNode10After":1594252800000,"minVersion":"3.0.5","node8DeploysDisabledAfter":1613390400000,"node8RuntimeDisabledAfter":1615809600000,"node8WarnAfter":1600128000000}
